# JRE version: Java(TM) SE Runtime Environment (8.0_65-b17) (build 1.8.0_65-b17)
# Java VM: Java HotSpot(TM) 64-Bit Server VM (25.65-b01 mixed mode windows-amd64 compressed oops)
Heap:
 PSYoungGen      total 217600K, used 11940K [0x00000000eaf00000, 0x00000000fcb00000, 0x0000000100000000)
  eden space 205312K, 0% used [0x00000000eaf00000,0x00000000eaf00000,0x00000000f7780000)
  from space 12288K, 97% used [0x00000000f7780000,0x00000000f83290d0,0x00000000f8380000)
  to   space 13824K, 0% used [0x00000000fbd80000,0x00000000fbd80000,0x00000000fcb00000)
 ParOldGen       total 41984K, used 19621K [0x00000000c0c00000, 0x00000000c3500000, 0x00000000eaf00000)
  object space 41984K, 46% used [0x00000000c0c00000,0x00000000c1f29660,0x00000000c3500000)
 Metaspace       used 35060K, capacity 35306K, committed 35456K, reserved 1081344K
  class space    used 4376K, capacity 4435K, committed 4480K, reserved 1048576K
GC Heap History (10 events):
Event: 5.389 GC heap after
Heap after GC invocations=8 (full 0):
 PSYoungGen      total 140288K, used 9045K [0x00000000eaf00000, 0x00000000f4500000, 0x0000000100000000)
  eden space 130048K, 0% used [0x00000000eaf00000,0x00000000eaf00000,0x00000000f2e00000)
  from space 10240K, 88% used [0x00000000f3900000,0x00000000f41d5728,0x00000000f4300000)
  to   space 11264K, 0% used [0x00000000f2e00000,0x00000000f2e00000,0x00000000f3900000)
 ParOldGen       total 44032K, used 13428K [0x00000000c0c00000, 0x00000000c3700000, 0x00000000eaf00000)
  object space 44032K, 30% used [0x00000000c0c00000,0x00000000c191d350,0x00000000c3700000)
 Metaspace       used 20883K, capacity 21020K, committed 21120K, reserved 1067008K
  class space    used 2593K, capacity 2619K, committed 2688K, reserved 1048576K
}
Event: 5.484 GC heap before
{Heap before GC invocations=9 (full 0):
 PSYoungGen      total 140288K, used 13427K [0x00000000eaf00000, 0x00000000f4500000, 0x0000000100000000)
  eden space 130048K, 3% used [0x00000000eaf00000,0x00000000eb347868,0x00000000f2e00000)
  from space 10240K, 88% used [0x00000000f3900000,0x00000000f41d5728,0x00000000f4300000)
  to   space 11264K, 0% used [0x00000000f2e00000,0x00000000f2e00000,0x00000000f3900000)
 ParOldGen       total 44032K, used 13428K [0x00000000c0c00000, 0x00000000c3700000, 0x00000000eaf00000)
  object space 44032K, 30% used [0x00000000c0c00000,0x00000000c191d350,0x00000000c3700000)
 Metaspace       used 21063K, capacity 21180K, committed 21296K, reserved 1069056K
  class space    used 2624K, capacity 2651K, committed 2688K, reserved 1048576K
Event: 5.498 GC heap after
Heap after GC invocations=9 (full 0):
 PSYoungGen      total 141312K, used 6775K [0x00000000eaf00000, 0x00000000f8f80000, 0x0000000100000000)
  eden space 130048K, 0% used [0x00000000eaf00000,0x00000000eaf00000,0x00000000f2e00000)
  from space 11264K, 60% used [0x00000000f2e00000,0x00000000f349dec0,0x00000000f3900000)
  to   space 10752K, 0% used [0x00000000f8500000,0x00000000f8500000,0x00000000f8f80000)
 ParOldGen       total 44032K, used 15788K [0x00000000c0c00000, 0x00000000c3700000, 0x00000000eaf00000)
  object space 44032K, 35% used [0x00000000c0c00000,0x00000000c1b6b170,0x00000000c3700000)
 Metaspace       used 21063K, capacity 21180K, committed 21296K, reserved 1069056K
  class space    used 2624K, capacity 2651K, committed 2688K, reserved 1048576K
}
Event: 5.498 GC heap before
{Heap before GC invocations=10 (full 1):
 PSYoungGen      total 141312K, used 6775K [0x00000000eaf00000, 0x00000000f8f80000, 0x0000000100000000)
  eden space 130048K, 0% used [0x00000000eaf00000,0x00000000eaf00000,0x00000000f2e00000)
  from space 11264K, 60% used [0x00000000f2e00000,0x00000000f349dec0,0x00000000f3900000)
  to   space 10752K, 0% used [0x00000000f8500000,0x00000000f8500000,0x00000000f8f80000)
 ParOldGen       total 44032K, used 15788K [0x00000000c0c00000, 0x00000000c3700000, 0x00000000eaf00000)
  object space 44032K, 35% used [0x00000000c0c00000,0x00000000c1b6b170,0x00000000c3700000)
 Metaspace       used 21063K, capacity 21180K, committed 21296K, reserved 1069056K
  class space    used 2624K, capacity 2651K, committed 2688K, reserved 1048576K
Event: 5.603 GC heap after
Heap after GC invocations=10 (full 1):
 PSYoungGen      total 141312K, used 0K [0x00000000eaf00000, 0x00000000f8f80000, 0x0000000100000000)
  eden space 130048K, 0% used [0x00000000eaf00000,0x00000000eaf00000,0x00000000f2e00000)
  from space 11264K, 0% used [0x00000000f2e00000,0x00000000f2e00000,0x00000000f3900000)
  to   space 10752K, 0% used [0x00000000f8500000,0x00000000f8500000,0x00000000f8f80000)
 ParOldGen       total 41984K, used 15074K [0x00000000c0c00000, 0x00000000c3500000, 0x00000000eaf00000)
  object space 41984K, 35% used [0x00000000c0c00000,0x00000000c1ab8960,0x00000000c3500000)
 Metaspace       used 21063K, capacity 21180K, committed 21296K, reserved 1069056K
  class space    used 2624K, capacity 2651K, committed 2688K, reserved 1048576K
}
Event: 8.643 GC heap before
{Heap before GC invocations=11 (full 1):
 PSYoungGen      total 141312K, used 130048K [0x00000000eaf00000, 0x00000000f8f80000, 0x0000000100000000)
  eden space 130048K, 100% used [0x00000000eaf00000,0x00000000f2e00000,0x00000000f2e00000)
  from space 11264K, 0% used [0x00000000f2e00000,0x00000000f2e00000,0x00000000f3900000)
  to   space 10752K, 0% used [0x00000000f8500000,0x00000000f8500000,0x00000000f8f80000)
 ParOldGen       total 41984K, used 15074K [0x00000000c0c00000, 0x00000000c3500000, 0x00000000eaf00000)
  object space 41984K, 35% used [0x00000000c0c00000,0x00000000c1ab8960,0x00000000c3500000)
 Metaspace       used 28582K, capacity 28908K, committed 29056K, reserved 1075200K
  class space    used 3578K, capacity 3630K, committed 3712K, reserved 1048576K
Event: 8.741 GC heap after
Heap after GC invocations=11 (full 1):
 PSYoungGen      total 197120K, used 10705K [0x00000000eaf00000, 0x00000000f8f80000, 0x0000000100000000)
  eden space 186368K, 0% used [0x00000000eaf00000,0x00000000eaf00000,0x00000000f6500000)
  from space 10752K, 99% used [0x00000000f8500000,0x00000000f8f745e0,0x00000000f8f80000)
  to   space 12288K, 0% used [0x00000000f7780000,0x00000000f7780000,0x00000000f8380000)
 ParOldGen       total 41984K, used 15074K [0x00000000c0c00000, 0x00000000c3500000, 0x00000000eaf00000)
  object space 41984K, 35% used [0x00000000c0c00000,0x00000000c1ab8960,0x00000000c3500000)
 Metaspace       used 28582K, capacity 28908K, committed 29056K, reserved 1075200K
  class space    used 3578K, capacity 3630K, committed 3712K, reserved 1048576K
}
Event: 12.113 GC heap before
{Heap before GC invocations=12 (full 1):
 PSYoungGen      total 197120K, used 174842K [0x00000000eaf00000, 0x00000000f8f80000, 0x0000000100000000)
  eden space 186368K, 88% used [0x00000000eaf00000,0x00000000f4f4a368,0x00000000f6500000)
  from space 10752K, 99% used [0x00000000f8500000,0x00000000f8f745e0,0x00000000f8f80000)
  to   space 12288K, 0% used [0x00000000f7780000,0x00000000f7780000,0x00000000f8380000)
 ParOldGen       total 41984K, used 15074K [0x00000000c0c00000, 0x00000000c3500000, 0x00000000eaf00000)
  object space 41984K, 35% used [0x00000000c0c00000,0x00000000c1ab8960,0x00000000c3500000)
 Metaspace       used 35060K, capacity 35306K, committed 35456K, reserved 1081344K
  class space    used 4376K, capacity 4435K, committed 4480K, reserved 1048576K
Event: 12.173 GC heap after
Heap after GC invocations=12 (full 1):
 PSYoungGen      total 217600K, used 11940K [0x00000000eaf00000, 0x00000000fcb00000, 0x0000000100000000)
  eden space 205312K, 0% used [0x00000000eaf00000,0x00000000eaf00000,0x00000000f7780000)
  from space 12288K, 97% used [0x00000000f7780000,0x00000000f83290d0,0x00000000f8380000)
  to   space 13824K, 0% used [0x00000000fbd80000,0x00000000fbd80000,0x00000000fcb00000)
 ParOldGen       total 41984K, used 19621K [0x00000000c0c00000, 0x00000000c3500000, 0x00000000eaf00000)
  object space 41984K, 46% used [0x00000000c0c00000,0x00000000c1f29660,0x00000000c3500000)
 Metaspace       used 35060K, capacity 35306K, committed 35456K, reserved 1081344K
  class space    used 4376K, capacity 4435K, committed 4480K, reserved 1048576K
}
Event: 12.173 GC heap before
{Heap before GC invocations=13 (full 2):
 PSYoungGen      total 217600K, used 11940K [0x00000000eaf00000, 0x00000000fcb00000, 0x0000000100000000)
  eden space 205312K, 0% used [0x00000000eaf00000,0x00000000eaf00000,0x00000000f7780000)
  from space 12288K, 97% used [0x00000000f7780000,0x00000000f83290d0,0x00000000f8380000)
  to   space 13824K, 0% used [0x00000000fbd80000,0x00000000fbd80000,0x00000000fcb00000)
 ParOldGen       total 41984K, used 19621K [0x00000000c0c00000, 0x00000000c3500000, 0x00000000eaf00000)
  object space 41984K, 46% used [0x00000000c0c00000,0x00000000c1f29660,0x00000000c3500000)
 Metaspace       used 35060K, capacity 35306K, committed 35456K, reserved 1081344K
  class space    used 4376K, capacity 4435K, committed 4480K, reserved 1048576K

